[Flame Coordinator] Concurrency set to: 20
[Aaron's Indexer] This is starting the Indexer with Stemming and Word Position tracking...
[Aaron’s Indexer] Loaded 125 stop words.
Starting bucket processing (total buckets: 100)
[INFO] Pre-loading document stats cache...
[INFO] Loaded 0 document stats entries
Running bucket 0/99
Running bucket 1/99
Running bucket 2/99
Running bucket 3/99
Running bucket 4/99
Running bucket 5/99
Running bucket 6/99
Running bucket 7/99
Running bucket 8/99
Running bucket 9/99
Running bucket 10/99
Running bucket 11/99
Running bucket 12/99
Running bucket 13/99
Running bucket 14/99
Running bucket 15/99
Running bucket 16/99
Running bucket 17/99
Running bucket 18/99
Running bucket 19/99
Running bucket 20/99
Running bucket 21/99
Running bucket 22/99
Running bucket 23/99
Running bucket 24/99
Running bucket 25/99
Running bucket 26/99
Running bucket 27/99
Running bucket 28/99
Running bucket 29/99
Running bucket 30/99
Running bucket 31/99
Running bucket 32/99
Running bucket 33/99
Running bucket 34/99
Running bucket 35/99
Running bucket 36/99
Running bucket 37/99
Running bucket 38/99
Running bucket 39/99
Running bucket 40/99
Running bucket 41/99
Running bucket 42/99
Running bucket 43/99
Running bucket 44/99
Running bucket 45/99
Running bucket 46/99
Running bucket 47/99
[Aaron's Indexer] This is starting the Indexer with Stemming and Word Position tracking...
[Aaron’s Indexer] Loaded 125 stop words.
Running bucket 48/99
Starting bucket processing (total buckets: 100)
[INFO] Pre-loading document stats cache...
[INFO] Loaded 11 document stats entries
Running bucket 1/99
Running bucket 2/99
Running bucket 3/99
Running bucket 4/99
Running bucket 6/99
Running bucket 7/99
Running bucket 8/99
Running bucket 9/99
Running bucket 11/99
Running bucket 12/99
Running bucket 13/99
Running bucket 14/99
Running bucket 16/99
Running bucket 17/99
Running bucket 18/99
Running bucket 19/99
Running bucket 21/99
Running bucket 22/99
Running bucket 23/99
Running bucket 24/99
Running bucket 26/99
Running bucket 27/99
Running bucket 28/99
Running bucket 29/99
Running bucket 31/99
Running bucket 32/99
Running bucket 33/99
Running bucket 34/99
Running bucket 36/99
Running bucket 37/99
Running bucket 38/99
Running bucket 39/99
Running bucket 41/99
Running bucket 42/99
Running bucket 43/99
Running bucket 44/99
Running bucket 46/99
Running bucket 47/99
Running bucket 49/99
Running bucket 48/99
Running bucket 50/99
Running bucket 51/99
Running bucket 52/99
Running bucket 49/99
Running bucket 50/99
Running bucket 51/99
Running bucket 52/99
Running bucket 53/99
Running bucket 54/99
Running bucket 55/99
Running bucket 56/99
Running bucket 57/99
Running bucket 58/99
Running bucket 59/99
Running bucket 60/99
Running bucket 61/99
Running bucket 62/99
Running bucket 63/99
Running bucket 64/99
Running bucket 65/99
Running bucket 53/99
Running bucket 54/99
Running bucket 55/99
Running bucket 56/99
Running bucket 57/99
Running bucket 58/99
Running bucket 59/99
Running bucket 60/99
Running bucket 61/99
Running bucket 62/99
Running bucket 63/99
Running bucket 64/99
Running bucket 65/99
Running bucket 66/99
Running bucket 67/99
Running bucket 68/99
Running bucket 69/99
Running bucket 70/99
Running bucket 71/99
Running bucket 72/99
Running bucket 73/99
Running bucket 74/99
Running bucket 75/99
Running bucket 76/99
Running bucket 77/99
Running bucket 78/99
Running bucket 66/99
Running bucket 67/99
Running bucket 68/99
Running bucket 69/99
Running bucket 70/99
Running bucket 71/99
Running bucket 79/99
Running bucket 72/99
Running bucket 73/99
Running bucket 74/99
Running bucket 75/99
Running bucket 76/99
Running bucket 77/99
Running bucket 78/99
Running bucket 80/99
Running bucket 81/99
Running bucket 82/99
Running bucket 83/99
Running bucket 84/99
Running bucket 79/99
Running bucket 85/99
Running bucket 86/99
Running bucket 87/99
Running bucket 88/99
Running bucket 89/99
Running bucket 90/99
Running bucket 91/99
Running bucket 80/99
Running bucket 81/99
Running bucket 82/99
Running bucket 83/99
Running bucket 84/99
Running bucket 92/99
Running bucket 93/99
Running bucket 94/99
Running bucket 95/99
Running bucket 96/99
Running bucket 85/99
Running bucket 86/99
Running bucket 87/99
Running bucket 88/99
Running bucket 89/99
Running bucket 90/99
Running bucket 91/99
Running bucket 92/99
Running bucket 93/99
Running bucket 97/99
Running bucket 94/99
Running bucket 98/99
Running bucket 95/99
Running bucket 96/99
Running bucket 99/99
Running bucket 97/99
Running bucket 98/99
Running bucket 99/99
